Arguments: 
  /Users/yipg/.nvm/versions/node/v10.16.0/bin/node /usr/local/bin/yarn

PATH: 
  /Users/yipg/.nvm/versions/node/v10.16.0/bin:/usr/local/bin:/usr/bin:/bin:/usr/sbin:/sbin:/Library/TeX/texbin:/usr/local/go/bin

Yarn version: 
  1.13.0

Node version: 
  10.16.0

Platform: 
  darwin x64

Trace: 
  Error: Client network socket disconnected before secure TLS connection was established
      at TLSSocket.onConnectEnd (_tls_wrap.js:1092:19)
      at Object.onceWrapper (events.js:286:20)
      at TLSSocket.emit (events.js:203:15)
      at endReadableNT (_stream_readable.js:1129:12)
      at process._tickCallback (internal/process/next_tick.js:63:19)

npm manifest: 
  {
    "scripts": {
      "start": "nodemon --exec ts-node server/app.ts"
    },
    "name": "myapp",
    "version": "1.0.0",
    "main": "app.ts",
    "license": "MIT",
    "dependencies": {
      "cors": "^2.8.5",
      "express": "^4.16.4",
      "mongoose": "^5.5.5",
      "multer": "^1.4.1",
      "nodemon": "^1.18.11",
      "ts-node": "^8.0.3",
      "typescript": "^3.4.3"
    },
    "devDependencies": {
      "@types/body-parser": "^1.17.0",
      "@types/mongoose": "^5.5.5",
      "@types/mysql": "^2.15.6",
      "jest": "^24.8.0"
    }
  }

yarn manifest: 
  No manifest

Lockfile: 
  No lockfile
